[0.085s] Invoking command in '/home/canada/ydlidar_ros2_driver/build/ydlidar_ros2_driver': CMAKE_PREFIX_PATH=/opt/ros/humble /usr/bin/cmake /home/canada/ydlidar_ros2_driver -DAMENT_CMAKE_SYMLINK_INSTALL=1 -DCMAKE_INSTALL_PREFIX=/home/canada/ydlidar_ros2_driver/install/ydlidar_ros2_driver
[0.330s] -- The C compiler identification is GNU 11.4.0
[0.491s] -- The CXX compiler identification is GNU 11.4.0
[0.510s] -- Detecting C compiler ABI info
[0.608s] -- Detecting C compiler ABI info - done
[0.619s] -- Check for working C compiler: /usr/bin/cc - skipped
[0.619s] -- Detecting C compile features
[0.620s] -- Detecting C compile features - done
[0.625s] -- Detecting CXX compiler ABI info
[0.718s] -- Detecting CXX compiler ABI info - done
[0.730s] -- Check for working CXX compiler: /usr/bin/c++ - skipped
[0.731s] -- Detecting CXX compile features
[0.732s] -- Detecting CXX compile features - done
[0.741s] -- Found ament_cmake: 1.3.5 (/opt/ros/humble/share/ament_cmake/cmake)
[1.184s] -- Found Python3: /usr/bin/python3.10 (found version "3.10.12") found components: Interpreter 
[1.281s] -- Override CMake install command with custom implementation using symlinks instead of copying resources
[1.333s] -- Found rclcpp: 16.0.6 (/opt/ros/humble/share/rclcpp/cmake)
[1.422s] -- Found rosidl_generator_c: 3.1.5 (/opt/ros/humble/share/rosidl_generator_c/cmake)
[1.432s] -- Found rosidl_adapter: 3.1.5 (/opt/ros/humble/share/rosidl_adapter/cmake)
[1.450s] -- Found rosidl_generator_cpp: 3.1.5 (/opt/ros/humble/share/rosidl_generator_cpp/cmake)
[1.477s] -- Using all available rosidl_typesupport_c: rosidl_typesupport_fastrtps_c;rosidl_typesupport_introspection_c
[1.512s] -- Using all available rosidl_typesupport_cpp: rosidl_typesupport_fastrtps_cpp;rosidl_typesupport_introspection_cpp
[1.635s] -- Found rmw_implementation_cmake: 6.1.1 (/opt/ros/humble/share/rmw_implementation_cmake/cmake)
[1.640s] -- Found rmw_fastrtps_cpp: 6.2.4 (/opt/ros/humble/share/rmw_fastrtps_cpp/cmake)
[1.795s] -- Found OpenSSL: /usr/lib/x86_64-linux-gnu/libcrypto.so (found version "3.0.2")  
[1.835s] -- Found FastRTPS: /opt/ros/humble/include  
[1.902s] -- Using RMW implementation 'rmw_fastrtps_cpp' as default
[1.924s] -- Performing Test CMAKE_HAVE_LIBC_PTHREAD
[2.017s] -- Performing Test CMAKE_HAVE_LIBC_PTHREAD - Success
[2.019s] -- Found Threads: TRUE  
[2.288s] -- Found sensor_msgs: 4.2.3 (/opt/ros/humble/share/sensor_msgs/cmake)
[2.508s] -- Found visualization_msgs: 4.2.3 (/opt/ros/humble/share/visualization_msgs/cmake)
[2.713s] -- Found std_srvs: 4.2.3 (/opt/ros/humble/share/std_srvs/cmake)
[2.760s] [31mCMake Error at CMakeLists.txt:25 (find_package):
[2.760s]   By not providing "Findydlidar_sdk.cmake" in CMAKE_MODULE_PATH this project
[2.761s]   has asked CMake to find a package configuration file provided by
[2.761s]   "ydlidar_sdk", but CMake did not find one.
[2.761s] 
[2.761s]   Could not find a package configuration file provided by "ydlidar_sdk" with
[2.761s]   any of the following names:
[2.761s] 
[2.761s]     ydlidar_sdkConfig.cmake
[2.761s]     ydlidar_sdk-config.cmake
[2.761s] 
[2.761s]   Add the installation prefix of "ydlidar_sdk" to CMAKE_PREFIX_PATH or set
[2.761s]   "ydlidar_sdk_DIR" to a directory containing one of the above files.  If
[2.762s]   "ydlidar_sdk" provides a separate development package or SDK, be sure it
[2.762s]   has been installed.
[2.762s] 
[2.762s] [0m
[2.762s] -- Configuring incomplete, errors occurred!
[2.762s] See also "/home/canada/ydlidar_ros2_driver/build/ydlidar_ros2_driver/CMakeFiles/CMakeOutput.log".
[2.772s] Invoked command in '/home/canada/ydlidar_ros2_driver/build/ydlidar_ros2_driver' returned '1': CMAKE_PREFIX_PATH=/opt/ros/humble /usr/bin/cmake /home/canada/ydlidar_ros2_driver -DAMENT_CMAKE_SYMLINK_INSTALL=1 -DCMAKE_INSTALL_PREFIX=/home/canada/ydlidar_ros2_driver/install/ydlidar_ros2_driver
