running egg_info
creating ../build/controller_pkg/controller_pkg.egg-info
writing ../build/controller_pkg/controller_pkg.egg-info/PKG-INFO
writing dependency_links to ../build/controller_pkg/controller_pkg.egg-info/dependency_links.txt
writing entry points to ../build/controller_pkg/controller_pkg.egg-info/entry_points.txt
writing requirements to ../build/controller_pkg/controller_pkg.egg-info/requires.txt
writing top-level names to ../build/controller_pkg/controller_pkg.egg-info/top_level.txt
writing manifest file '../build/controller_pkg/controller_pkg.egg-info/SOURCES.txt'
reading manifest file '../build/controller_pkg/controller_pkg.egg-info/SOURCES.txt'
writing manifest file '../build/controller_pkg/controller_pkg.egg-info/SOURCES.txt'
running build
running build_py
creating /home/canada/ugokuita_ws/ros2_ugokuita_ws/src/build/controller_pkg/build
creating /home/canada/ugokuita_ws/ros2_ugokuita_ws/src/build/controller_pkg/build/lib
creating /home/canada/ugokuita_ws/ros2_ugokuita_ws/src/build/controller_pkg/build/lib/controller_pkg
copying controller_pkg/__init__.py -> /home/canada/ugokuita_ws/ros2_ugokuita_ws/src/build/controller_pkg/build/lib/controller_pkg
running install
/usr/lib/python3/dist-packages/setuptools/command/install.py:34: SetuptoolsDeprecationWarning: setup.py install is deprecated. Use build and pip and other standards-based tools.
  warnings.warn(
running install_lib
creating /home/canada/ugokuita_ws/ros2_ugokuita_ws/src/install/controller_pkg/lib/python3.10/site-packages/controller_pkg
copying /home/canada/ugokuita_ws/ros2_ugokuita_ws/src/build/controller_pkg/build/lib/controller_pkg/__init__.py -> /home/canada/ugokuita_ws/ros2_ugokuita_ws/src/install/controller_pkg/lib/python3.10/site-packages/controller_pkg
byte-compiling /home/canada/ugokuita_ws/ros2_ugokuita_ws/src/install/controller_pkg/lib/python3.10/site-packages/controller_pkg/__init__.py to __init__.cpython-310.pyc
running install_data
creating /home/canada/ugokuita_ws/ros2_ugokuita_ws/src/install/controller_pkg/share/ament_index
creating /home/canada/ugokuita_ws/ros2_ugokuita_ws/src/install/controller_pkg/share/ament_index/resource_index
creating /home/canada/ugokuita_ws/ros2_ugokuita_ws/src/install/controller_pkg/share/ament_index/resource_index/packages
copying resource/controller_pkg -> /home/canada/ugokuita_ws/ros2_ugokuita_ws/src/install/controller_pkg/share/ament_index/resource_index/packages
copying package.xml -> /home/canada/ugokuita_ws/ros2_ugokuita_ws/src/install/controller_pkg/share/controller_pkg
running install_egg_info
Copying ../build/controller_pkg/controller_pkg.egg-info to /home/canada/ugokuita_ws/ros2_ugokuita_ws/src/install/controller_pkg/lib/python3.10/site-packages/controller_pkg-0.0.0-py3.10.egg-info
running install_scripts
writing list of installed files to '/home/canada/ugokuita_ws/ros2_ugokuita_ws/src/build/controller_pkg/install.log'
