[1.611s] Invoking command in '/home/canada/ugokuita_ws/ros2_ugokuita_ws/src/controller_pkg': PYTHONPATH=/home/canada/ugokuita_ws/ros2_ugokuita_ws/src/build/controller_pkg/prefix_override:/home/canada/ugokuita_ws/ros2_ugokuita_ws/src/install/controller_pkg/lib/python3.10/site-packages:${PYTHONPATH} /usr/bin/python3 setup.py egg_info --egg-base ../build/controller_pkg build --build-base /home/canada/ugokuita_ws/ros2_ugokuita_ws/src/build/controller_pkg/build install --record /home/canada/ugokuita_ws/ros2_ugokuita_ws/src/build/controller_pkg/install.log --single-version-externally-managed
[1.987s] running egg_info
[1.988s] creating ../build/controller_pkg/controller_pkg.egg-info
[1.988s] writing ../build/controller_pkg/controller_pkg.egg-info/PKG-INFO
[1.989s] writing dependency_links to ../build/controller_pkg/controller_pkg.egg-info/dependency_links.txt
[1.989s] writing entry points to ../build/controller_pkg/controller_pkg.egg-info/entry_points.txt
[1.989s] writing requirements to ../build/controller_pkg/controller_pkg.egg-info/requires.txt
[1.990s] writing top-level names to ../build/controller_pkg/controller_pkg.egg-info/top_level.txt
[1.990s] writing manifest file '../build/controller_pkg/controller_pkg.egg-info/SOURCES.txt'
[1.993s] reading manifest file '../build/controller_pkg/controller_pkg.egg-info/SOURCES.txt'
[1.994s] writing manifest file '../build/controller_pkg/controller_pkg.egg-info/SOURCES.txt'
[1.994s] running build
[1.995s] running build_py
[1.995s] creating /home/canada/ugokuita_ws/ros2_ugokuita_ws/src/build/controller_pkg/build
[1.995s] creating /home/canada/ugokuita_ws/ros2_ugokuita_ws/src/build/controller_pkg/build/lib
[1.995s] creating /home/canada/ugokuita_ws/ros2_ugokuita_ws/src/build/controller_pkg/build/lib/controller_pkg
[1.995s] copying controller_pkg/__init__.py -> /home/canada/ugokuita_ws/ros2_ugokuita_ws/src/build/controller_pkg/build/lib/controller_pkg
[1.996s] running install
[2.001s] /usr/lib/python3/dist-packages/setuptools/command/install.py:34: SetuptoolsDeprecationWarning: setup.py install is deprecated. Use build and pip and other standards-based tools.
[2.001s]   warnings.warn(
[2.001s] running install_lib
[2.003s] creating /home/canada/ugokuita_ws/ros2_ugokuita_ws/src/install/controller_pkg/lib/python3.10/site-packages/controller_pkg
[2.003s] copying /home/canada/ugokuita_ws/ros2_ugokuita_ws/src/build/controller_pkg/build/lib/controller_pkg/__init__.py -> /home/canada/ugokuita_ws/ros2_ugokuita_ws/src/install/controller_pkg/lib/python3.10/site-packages/controller_pkg
[2.003s] byte-compiling /home/canada/ugokuita_ws/ros2_ugokuita_ws/src/install/controller_pkg/lib/python3.10/site-packages/controller_pkg/__init__.py to __init__.cpython-310.pyc
[2.004s] running install_data
[2.005s] creating /home/canada/ugokuita_ws/ros2_ugokuita_ws/src/install/controller_pkg/share/ament_index
[2.005s] creating /home/canada/ugokuita_ws/ros2_ugokuita_ws/src/install/controller_pkg/share/ament_index/resource_index
[2.005s] creating /home/canada/ugokuita_ws/ros2_ugokuita_ws/src/install/controller_pkg/share/ament_index/resource_index/packages
[2.006s] copying resource/controller_pkg -> /home/canada/ugokuita_ws/ros2_ugokuita_ws/src/install/controller_pkg/share/ament_index/resource_index/packages
[2.006s] copying package.xml -> /home/canada/ugokuita_ws/ros2_ugokuita_ws/src/install/controller_pkg/share/controller_pkg
[2.006s] running install_egg_info
[2.010s] Copying ../build/controller_pkg/controller_pkg.egg-info to /home/canada/ugokuita_ws/ros2_ugokuita_ws/src/install/controller_pkg/lib/python3.10/site-packages/controller_pkg-0.0.0-py3.10.egg-info
[2.011s] running install_scripts
[2.046s] writing list of installed files to '/home/canada/ugokuita_ws/ros2_ugokuita_ws/src/build/controller_pkg/install.log'
[2.084s] Invoked command in '/home/canada/ugokuita_ws/ros2_ugokuita_ws/src/controller_pkg' returned '0': PYTHONPATH=/home/canada/ugokuita_ws/ros2_ugokuita_ws/src/build/controller_pkg/prefix_override:/home/canada/ugokuita_ws/ros2_ugokuita_ws/src/install/controller_pkg/lib/python3.10/site-packages:${PYTHONPATH} /usr/bin/python3 setup.py egg_info --egg-base ../build/controller_pkg build --build-base /home/canada/ugokuita_ws/ros2_ugokuita_ws/src/build/controller_pkg/build install --record /home/canada/ugokuita_ws/ros2_ugokuita_ws/src/build/controller_pkg/install.log --single-version-externally-managed
