[0.115s] Invoking command in '/home/canada/ydlidar_ros2_driver/build/ydlidar_ros2_driver': CMAKE_PREFIX_PATH=/opt/ros/humble /usr/bin/cmake --build /home/canada/ydlidar_ros2_driver/build/ydlidar_ros2_driver -- -j4 -l4
[0.186s] [ 50%] Built target ydlidar_ros2_driver_client
[0.199s] [100%] Built target ydlidar_ros2_driver_node
[0.209s] Invoked command in '/home/canada/ydlidar_ros2_driver/build/ydlidar_ros2_driver' returned '0': CMAKE_PREFIX_PATH=/opt/ros/humble /usr/bin/cmake --build /home/canada/ydlidar_ros2_driver/build/ydlidar_ros2_driver -- -j4 -l4
[0.260s] Invoking command in '/home/canada/ydlidar_ros2_driver/build/ydlidar_ros2_driver': CMAKE_PREFIX_PATH=/opt/ros/humble /usr/bin/cmake --install /home/canada/ydlidar_ros2_driver/build/ydlidar_ros2_driver
[0.264s] -- Install configuration: ""
[0.265s] -- Execute custom install script
[0.265s] -- Up-to-date symlink: /home/canada/ydlidar_ros2_driver/install/ydlidar_ros2_driver/lib/ydlidar_ros2_driver/ydlidar_ros2_driver_node
[0.266s] -- Up-to-date symlink: /home/canada/ydlidar_ros2_driver/install/ydlidar_ros2_driver/lib/ydlidar_ros2_driver/ydlidar_ros2_driver_client
[0.267s] -- Up-to-date symlink: /home/canada/ydlidar_ros2_driver/install/ydlidar_ros2_driver/share/ydlidar_ros2_driver/launch/ydlidar.py
[0.267s] -- Up-to-date symlink: /home/canada/ydlidar_ros2_driver/install/ydlidar_ros2_driver/share/ydlidar_ros2_driver/launch/ydlidar_launch.py
[0.268s] -- Up-to-date symlink: /home/canada/ydlidar_ros2_driver/install/ydlidar_ros2_driver/share/ydlidar_ros2_driver/launch/ydlidar_launch_view.py
[0.268s] -- Up-to-date symlink: /home/canada/ydlidar_ros2_driver/install/ydlidar_ros2_driver/share/ydlidar_ros2_driver/params/G1.yaml
[0.268s] -- Up-to-date symlink: /home/canada/ydlidar_ros2_driver/install/ydlidar_ros2_driver/share/ydlidar_ros2_driver/params/G2.yaml
[0.269s] -- Up-to-date symlink: /home/canada/ydlidar_ros2_driver/install/ydlidar_ros2_driver/share/ydlidar_ros2_driver/params/G6.yaml
[0.269s] -- Up-to-date symlink: /home/canada/ydlidar_ros2_driver/install/ydlidar_ros2_driver/share/ydlidar_ros2_driver/params/TG.yaml
[0.270s] -- Up-to-date symlink: /home/canada/ydlidar_ros2_driver/install/ydlidar_ros2_driver/share/ydlidar_ros2_driver/params/TminiPro.yaml
[0.270s] -- Up-to-date symlink: /home/canada/ydlidar_ros2_driver/install/ydlidar_ros2_driver/share/ydlidar_ros2_driver/params/X2.yaml
[0.270s] -- Up-to-date symlink: /home/canada/ydlidar_ros2_driver/install/ydlidar_ros2_driver/share/ydlidar_ros2_driver/params/X4-Pro.yaml
[0.271s] -- Up-to-date symlink: /home/canada/ydlidar_ros2_driver/install/ydlidar_ros2_driver/share/ydlidar_ros2_driver/params/X4.yaml
[0.271s] -- Up-to-date symlink: /home/canada/ydlidar_ros2_driver/install/ydlidar_ros2_driver/share/ydlidar_ros2_driver/params/ydlidar.yaml
[0.271s] -- Up-to-date symlink: /home/canada/ydlidar_ros2_driver/install/ydlidar_ros2_driver/share/ydlidar_ros2_driver/startup/initenv.sh
[0.272s] -- Up-to-date symlink: /home/canada/ydlidar_ros2_driver/install/ydlidar_ros2_driver/share/ydlidar_ros2_driver/config/ydlidar.rviz
[0.272s] -- Up-to-date symlink: /home/canada/ydlidar_ros2_driver/install/ydlidar_ros2_driver/share/ament_index/resource_index/package_run_dependencies/ydlidar_ros2_driver
[0.273s] -- Up-to-date symlink: /home/canada/ydlidar_ros2_driver/install/ydlidar_ros2_driver/share/ament_index/resource_index/parent_prefix_path/ydlidar_ros2_driver
[0.273s] -- Up-to-date symlink: /home/canada/ydlidar_ros2_driver/install/ydlidar_ros2_driver/share/ydlidar_ros2_driver/environment/ament_prefix_path.sh
[0.274s] -- Up-to-date symlink: /home/canada/ydlidar_ros2_driver/install/ydlidar_ros2_driver/share/ydlidar_ros2_driver/environment/ament_prefix_path.dsv
[0.274s] -- Up-to-date symlink: /home/canada/ydlidar_ros2_driver/install/ydlidar_ros2_driver/share/ydlidar_ros2_driver/environment/path.sh
[0.274s] -- Up-to-date symlink: /home/canada/ydlidar_ros2_driver/install/ydlidar_ros2_driver/share/ydlidar_ros2_driver/environment/path.dsv
[0.275s] -- Up-to-date symlink: /home/canada/ydlidar_ros2_driver/install/ydlidar_ros2_driver/share/ydlidar_ros2_driver/local_setup.bash
[0.275s] -- Up-to-date symlink: /home/canada/ydlidar_ros2_driver/install/ydlidar_ros2_driver/share/ydlidar_ros2_driver/local_setup.sh
[0.276s] -- Up-to-date symlink: /home/canada/ydlidar_ros2_driver/install/ydlidar_ros2_driver/share/ydlidar_ros2_driver/local_setup.zsh
[0.276s] -- Up-to-date symlink: /home/canada/ydlidar_ros2_driver/install/ydlidar_ros2_driver/share/ydlidar_ros2_driver/local_setup.dsv
[0.276s] -- Symlinking: /home/canada/ydlidar_ros2_driver/install/ydlidar_ros2_driver/share/ydlidar_ros2_driver/package.dsv
[0.282s] -- Up-to-date symlink: /home/canada/ydlidar_ros2_driver/install/ydlidar_ros2_driver/share/ament_index/resource_index/packages/ydlidar_ros2_driver
[0.283s] -- Up-to-date symlink: /home/canada/ydlidar_ros2_driver/install/ydlidar_ros2_driver/share/ydlidar_ros2_driver/cmake/ydlidar_ros2_driverConfig.cmake
[0.283s] -- Up-to-date symlink: /home/canada/ydlidar_ros2_driver/install/ydlidar_ros2_driver/share/ydlidar_ros2_driver/cmake/ydlidar_ros2_driverConfig-version.cmake
[0.283s] -- Up-to-date symlink: /home/canada/ydlidar_ros2_driver/install/ydlidar_ros2_driver/share/ydlidar_ros2_driver/package.xml
[0.286s] Invoked command in '/home/canada/ydlidar_ros2_driver/build/ydlidar_ros2_driver' returned '0': CMAKE_PREFIX_PATH=/opt/ros/humble /usr/bin/cmake --install /home/canada/ydlidar_ros2_driver/build/ydlidar_ros2_driver
